# JRE version: OpenJDK Runtime Environment (8.0_212-b01) (build 1.8.0_212-8u212-b01-1~deb9u1-b01)
# Java VM: OpenJDK 64-Bit Server VM (25.212-b01 mixed mode linux-amd64 compressed oops)
Heap:
 garbage-first heap   total 262144K, used 219018K [0x00000000c0000000, 0x00000000c0100800, 0x0000000100000000)
  region size 1024K, 83 young (84992K), 3 survivors (3072K)
 Metaspace       used 140471K, capacity 152023K, committed 152064K, reserved 1183744K
  class space    used 15125K, capacity 18682K, committed 18688K, reserved 1048576K
GC Heap History (10 events):
Event: 51251,021 GC heap before
{Heap before GC invocations=620 (full 0):
 garbage-first heap   total 262144K, used 142513K [0x00000000c0000000, 0x00000000c0100800, 0x0000000100000000)
  region size 1024K, 8 young (8192K), 5 survivors (5120K)
 Metaspace       used 139664K, capacity 151241K, committed 151296K, reserved 1181696K
  class space    used 15019K, capacity 18638K, committed 18688K, reserved 1048576K
Event: 51251,040 GC heap after
Heap after GC invocations=621 (full 0):
 garbage-first heap   total 262144K, used 139776K [0x00000000c0000000, 0x00000000c0100800, 0x0000000100000000)
  region size 1024K, 4 young (4096K), 4 survivors (4096K)
 Metaspace       used 139664K, capacity 151241K, committed 151296K, reserved 1181696K
  class space    used 15019K, capacity 18638K, committed 18688K, reserved 1048576K
}
Event: 51342,558 GC heap before
{Heap before GC invocations=622 (full 0):
 garbage-first heap   total 262144K, used 229376K [0x00000000c0000000, 0x00000000c0100800, 0x0000000100000000)
  region size 1024K, 90 young (92160K), 4 survivors (4096K)
 Metaspace       used 139675K, capacity 151249K, committed 151552K, reserved 1181696K
  class space    used 15019K, capacity 18638K, committed 18688K, reserved 1048576K
Event: 51342,582 GC heap after
Heap after GC invocations=623 (full 0):
 garbage-first heap   total 262144K, used 140288K [0x00000000c0000000, 0x00000000c0100800, 0x0000000100000000)
  region size 1024K, 5 young (5120K), 5 survivors (5120K)
 Metaspace       used 139675K, capacity 151249K, committed 151552K, reserved 1181696K
  class space    used 15019K, capacity 18638K, committed 18688K, reserved 1048576K
}
Event: 51346,491 GC heap before
{Heap before GC invocations=623 (full 0):
 garbage-first heap   total 262144K, used 147456K [0x00000000c0000000, 0x00000000c0100800, 0x0000000100000000)
  region size 1024K, 12 young (12288K), 5 survivors (5120K)
 Metaspace       used 139675K, capacity 151249K, committed 151552K, reserved 1181696K
  class space    used 15019K, capacity 18638K, committed 18688K, reserved 1048576K
Event: 51346,511 GC heap after
Heap after GC invocations=624 (full 0):
 garbage-first heap   total 262144K, used 137133K [0x00000000c0000000, 0x00000000c0100800, 0x0000000100000000)
  region size 1024K, 2 young (2048K), 2 survivors (2048K)
 Metaspace       used 139675K, capacity 151249K, committed 151552K, reserved 1181696K
  class space    used 15019K, capacity 18638K, committed 18688K, reserved 1048576K
}
Event: 51431,940 GC heap before
{Heap before GC invocations=624 (full 0):
 garbage-first heap   total 262144K, used 228269K [0x00000000c0000000, 0x00000000c0100800, 0x0000000100000000)
  region size 1024K, 91 young (93184K), 2 survivors (2048K)
 Metaspace       used 139684K, capacity 151313K, committed 151552K, reserved 1181696K
  class space    used 15019K, capacity 18638K, committed 18688K, reserved 1048576K
Event: 51431,983 GC heap after
Heap after GC invocations=625 (full 0):
 garbage-first heap   total 262144K, used 136960K [0x00000000c0000000, 0x00000000c0100800, 0x0000000100000000)
  region size 1024K, 2 young (2048K), 2 survivors (2048K)
 Metaspace       used 139684K, capacity 151313K, committed 151552K, reserved 1181696K
  class space    used 15019K, capacity 18638K, committed 18688K, reserved 1048576K
}
Event: 51486,648 GC heap before
{Heap before GC invocations=625 (full 0):
 garbage-first heap   total 262144K, used 229120K [0x00000000c0000000, 0x00000000c0100800, 0x0000000100000000)
  region size 1024K, 92 young (94208K), 2 survivors (2048K)
 Metaspace       used 139692K, capacity 151313K, committed 151552K, reserved 1181696K
  class space    used 15019K, capacity 18638K, committed 18688K, reserved 1048576K
Event: 51486,661 GC heap after
Heap after GC invocations=626 (full 0):
 garbage-first heap   total 262144K, used 138122K [0x00000000c0000000, 0x00000000c0100800, 0x0000000100000000)
  region size 1024K, 3 young (3072K), 3 survivors (3072K)
 Metaspace       used 139692K, capacity 151313K, committed 151552K, reserved 1181696K
  class space    used 15019K, capacity 18638K, committed 18688K, reserved 1048576K
}

