# JRE version: OpenJDK Runtime Environment (8.0_212-b01) (build 1.8.0_212-8u212-b01-1~deb9u1-b01)
# Java VM: OpenJDK 64-Bit Server VM (25.212-b01 mixed mode linux-amd64 compressed oops)
Heap:
 garbage-first heap   total 262144K, used 131927K [0x00000000c0000000, 0x00000000c0100800, 0x0000000100000000)
  region size 1024K, 11 young (11264K), 5 survivors (5120K)
 Metaspace       used 120399K, capacity 131553K, committed 131916K, reserved 1163264K
  class space    used 13704K, capacity 17091K, committed 17228K, reserved 1048576K
GC Heap History (10 events):
Event: 8496,506 GC heap before
{Heap before GC invocations=46 (full 0):
 garbage-first heap   total 262144K, used 222117K [0x00000000c0000000, 0x00000000c0100800, 0x0000000100000000)
  region size 1024K, 113 young (115712K), 11 survivors (11264K)
 Metaspace       used 119078K, capacity 130271K, committed 130508K, reserved 1163264K
  class space    used 13582K, capacity 16993K, committed 17100K, reserved 1048576K
Event: 8496,545 GC heap after
Heap after GC invocations=47 (full 0):
 garbage-first heap   total 262144K, used 122042K [0x00000000c0000000, 0x00000000c0100800, 0x0000000100000000)
  region size 1024K, 7 young (7168K), 7 survivors (7168K)
 Metaspace       used 119078K, capacity 130271K, committed 130508K, reserved 1163264K
  class space    used 13582K, capacity 16993K, committed 17100K, reserved 1048576K
}
Event: 8553,407 GC heap before
{Heap before GC invocations=47 (full 0):
 garbage-first heap   total 262144K, used 222394K [0x00000000c0000000, 0x00000000c0100800, 0x0000000100000000)
  region size 1024K, 105 young (107520K), 7 survivors (7168K)
 Metaspace       used 119188K, capacity 130399K, committed 130764K, reserved 1163264K
  class space    used 13585K, capacity 16993K, committed 17100K, reserved 1048576K
Event: 8553,430 GC heap after
Heap after GC invocations=48 (full 0):
 garbage-first heap   total 262144K, used 121018K [0x00000000c0000000, 0x00000000c0100800, 0x0000000100000000)
  region size 1024K, 6 young (6144K), 6 survivors (6144K)
 Metaspace       used 119188K, capacity 130399K, committed 130764K, reserved 1163264K
  class space    used 13585K, capacity 16993K, committed 17100K, reserved 1048576K
}
Event: 8719,973 GC heap before
{Heap before GC invocations=48 (full 0):
 garbage-first heap   total 262144K, used 224442K [0x00000000c0000000, 0x00000000c0100800, 0x0000000100000000)
  region size 1024K, 107 young (109568K), 6 survivors (6144K)
 Metaspace       used 119257K, capacity 130655K, committed 131020K, reserved 1163264K
  class space    used 13585K, capacity 16993K, committed 17100K, reserved 1048576K
Event: 8720,000 GC heap after
Heap after GC invocations=49 (full 0):
 garbage-first heap   total 262144K, used 125626K [0x00000000c0000000, 0x00000000c0100800, 0x0000000100000000)
  region size 1024K, 10 young (10240K), 10 survivors (10240K)
 Metaspace       used 119257K, capacity 130655K, committed 131020K, reserved 1163264K
  class space    used 13585K, capacity 16993K, committed 17100K, reserved 1048576K
}
Event: 8787,647 GC heap before
{Heap before GC invocations=49 (full 0):
 garbage-first heap   total 262144K, used 195770K [0x00000000c0000000, 0x00000000c0100800, 0x0000000100000000)
  region size 1024K, 79 young (80896K), 10 survivors (10240K)
 Metaspace       used 119403K, capacity 130731K, committed 131020K, reserved 1163264K
  class space    used 13587K, capacity 16995K, committed 17100K, reserved 1048576K
Event: 8787,724 GC heap after
Heap after GC invocations=50 (full 0):
 garbage-first heap   total 262144K, used 127789K [0x00000000c0000000, 0x00000000c0100800, 0x0000000100000000)
  region size 1024K, 9 young (9216K), 9 survivors (9216K)
 Metaspace       used 119403K, capacity 130731K, committed 131020K, reserved 1163264K
  class space    used 13587K, capacity 16995K, committed 17100K, reserved 1048576K
}
Event: 8820,575 GC heap before
{Heap before GC invocations=51 (full 0):
 garbage-first heap   total 262144K, used 224560K [0x00000000c0000000, 0x00000000c0100800, 0x0000000100000000)
  region size 1024K, 103 young (105472K), 9 survivors (9216K)
 Metaspace       used 120174K, capacity 131425K, committed 131916K, reserved 1163264K
  class space    used 13682K, capacity 17091K, committed 17228K, reserved 1048576K
Event: 8820,604 GC heap after
Heap after GC invocations=52 (full 0):
 garbage-first heap   total 262144K, used 126807K [0x00000000c0000000, 0x00000000c0100800, 0x0000000100000000)
  region size 1024K, 5 young (5120K), 5 survivors (5120K)
 Metaspace       used 120174K, capacity 131425K, committed 131916K, reserved 1163264K
  class space    used 13682K, capacity 17091K, committed 17228K, reserved 1048576K
}

